2017-06-22 12:54:09,684 [Worker-3] INFO  c.g.t.t.d.PublishedGradleVersions - Gradle version information cache is not available. Remote download required.
2017-06-23 11:14:52,670 [Worker-2] INFO  c.g.t.t.d.PublishedGradleVersions - Gradle version information cache is up-to-date. Trying to read.
2017-06-23 19:43:06,351 [Worker-3] INFO  c.g.t.t.d.PublishedGradleVersions - Gradle version information cache is out-of-date. Trying to update.
2017-07-17 15:35:14,565 [Worker-1] INFO  c.g.t.t.d.PublishedGradleVersions - Gradle version information cache is out-of-date. Trying to update.
2017-10-08 19:45:11,586 [Worker-3] INFO  c.g.t.t.d.PublishedGradleVersions - Gradle version information cache is out-of-date. Trying to update.
2017-10-16 13:16:14,032 [Worker-1] INFO  c.g.t.t.d.PublishedGradleVersions - Gradle version information cache is out-of-date. Trying to update.
2017-10-16 16:12:20,179 [Worker-3] INFO  c.g.t.t.d.PublishedGradleVersions - Gradle version information cache is up-to-date. Trying to read.
2017-10-16 16:36:32,772 [Worker-2] INFO  c.g.t.t.d.PublishedGradleVersions - Gradle version information cache is up-to-date. Trying to read.
2017-10-16 20:05:22,561 [Worker-0] INFO  c.g.t.t.d.PublishedGradleVersions - Gradle version information cache is up-to-date. Trying to read.
2017-10-16 20:05:41,115 [Worker-1] INFO  c.g.t.t.d.PublishedGradleVersions - Gradle version information cache is up-to-date. Trying to read.
2017-10-16 20:13:24,949 [Worker-1] INFO  c.g.t.t.d.PublishedGradleVersions - Gradle version information cache is up-to-date. Trying to read.
2017-10-17 21:09:47,257 [Worker-1] INFO  c.g.t.t.d.PublishedGradleVersions - Gradle version information cache is out-of-date. Trying to update.
2017-11-14 18:28:07,169 [Worker-1] INFO  c.g.t.t.d.PublishedGradleVersions - Gradle version information cache is out-of-date. Trying to update.
2017-11-14 19:09:33,662 [Start Help Server] INFO  org.eclipse.jetty.util.log - Logging initialized @2496949ms
2017-11-14 19:09:33,814 [Start Help Server] INFO  org.eclipse.jetty.server.Server - jetty-9.3.9.v20160517
2017-11-14 19:09:33,856 [Start Help Server] INFO  o.e.j.server.handler.ContextHandler - Started o.e.j.s.ServletContextHandler@6cd0c531{/help,null,AVAILABLE}
2017-11-14 19:09:33,872 [Start Help Server] INFO  o.e.jetty.server.AbstractConnector - Started ServerConnector@4786fdeb{HTTP/1.1,[http/1.1]}{127.0.0.1:63340}
2017-11-14 19:09:33,872 [Start Help Server] INFO  org.eclipse.jetty.server.Server - Started @2497159ms
2017-11-14 23:30:23,191 [Stop Help Server] INFO  o.e.jetty.server.AbstractConnector - Stopped ServerConnector@4786fdeb{HTTP/1.1,[http/1.1]}{127.0.0.1:0}
2017-11-14 23:30:23,201 [Stop Help Server] INFO  o.e.j.server.handler.ContextHandler - Stopped o.e.j.s.ServletContextHandler@6cd0c531{/help,null,UNAVAILABLE}
2017-11-14 23:31:17,457 [Worker-0] INFO  c.g.t.t.d.PublishedGradleVersions - Gradle version information cache is up-to-date. Trying to read.
2017-11-15 12:21:57,230 [Worker-0] INFO  c.g.t.t.d.PublishedGradleVersions - Gradle version information cache is up-to-date. Trying to read.
2017-11-15 12:23:36,756 [Start Help Server] INFO  org.eclipse.jetty.util.log - Logging initialized @109214ms
2017-11-15 12:23:36,913 [Start Help Server] INFO  org.eclipse.jetty.server.Server - jetty-9.3.9.v20160517
2017-11-15 12:23:36,972 [Start Help Server] INFO  o.e.j.server.handler.ContextHandler - Started o.e.j.s.ServletContextHandler@2d6d7708{/help,null,AVAILABLE}
2017-11-15 12:23:36,994 [Start Help Server] INFO  o.e.jetty.server.AbstractConnector - Started ServerConnector@4858c357{HTTP/1.1,[http/1.1]}{127.0.0.1:52971}
2017-11-15 12:23:36,995 [Start Help Server] INFO  org.eclipse.jetty.server.Server - Started @109453ms
2017-11-15 13:08:27,637 [Stop Help Server] INFO  o.e.jetty.server.AbstractConnector - Stopped ServerConnector@4858c357{HTTP/1.1,[http/1.1]}{127.0.0.1:0}
2017-11-15 13:08:27,650 [Stop Help Server] INFO  o.e.j.server.handler.ContextHandler - Stopped o.e.j.s.ServletContextHandler@2d6d7708{/help,null,UNAVAILABLE}
2017-11-15 13:10:06,919 [Worker-2] INFO  c.g.t.t.d.PublishedGradleVersions - Gradle version information cache is up-to-date. Trying to read.
2017-11-15 13:34:46,980 [Worker-0] INFO  c.g.t.t.d.PublishedGradleVersions - Gradle version information cache is up-to-date. Trying to read.
2017-11-15 13:39:29,501 [Start Help Server] INFO  org.eclipse.jetty.util.log - Logging initialized @289266ms
2017-11-15 13:39:29,592 [Start Help Server] INFO  org.eclipse.jetty.server.Server - jetty-9.3.9.v20160517
2017-11-15 13:39:29,628 [Start Help Server] INFO  o.e.j.server.handler.ContextHandler - Started o.e.j.s.ServletContextHandler@5956ac99{/help,null,AVAILABLE}
2017-11-15 13:39:29,641 [Start Help Server] INFO  o.e.jetty.server.AbstractConnector - Started ServerConnector@48706a4{HTTP/1.1,[http/1.1]}{127.0.0.1:55033}
2017-11-15 13:39:29,642 [Start Help Server] INFO  org.eclipse.jetty.server.Server - Started @289406ms
2017-11-15 14:40:15,291 [Stop Help Server] INFO  o.e.jetty.server.AbstractConnector - Stopped ServerConnector@48706a4{HTTP/1.1,[http/1.1]}{127.0.0.1:0}
2017-11-15 14:40:15,301 [Stop Help Server] INFO  o.e.j.server.handler.ContextHandler - Stopped o.e.j.s.ServletContextHandler@5956ac99{/help,null,UNAVAILABLE}
2017-11-15 19:22:31,981 [Worker-4] INFO  c.g.t.t.d.PublishedGradleVersions - Gradle version information cache is out-of-date. Trying to update.
2017-11-15 19:27:32,545 [Start Help Server] INFO  org.eclipse.jetty.util.log - Logging initialized @307699ms
2017-11-15 19:27:32,643 [Start Help Server] INFO  org.eclipse.jetty.server.Server - jetty-9.3.9.v20160517
2017-11-15 19:27:32,681 [Start Help Server] INFO  o.e.j.server.handler.ContextHandler - Started o.e.j.s.ServletContextHandler@ea8c675{/help,null,AVAILABLE}
2017-11-15 19:27:32,694 [Start Help Server] INFO  o.e.jetty.server.AbstractConnector - Started ServerConnector@68cf3130{HTTP/1.1,[http/1.1]}{127.0.0.1:65445}
2017-11-15 19:27:32,695 [Start Help Server] INFO  org.eclipse.jetty.server.Server - Started @307849ms
